0 info it worked if it ends with ok
1 verbose cli [ 'C:\\Program Files\\nodejs\\node.exe',
1 verbose cli   'C:\\Program Files\\nodejs\\node_modules\\npm\\bin\\npm-cli.js',
1 verbose cli   'publish' ]
2 info using npm@3.10.8
3 info using node@v7.0.0
4 verbose publish [ '.' ]
5 silly cache add args [ '.', null ]
6 verbose cache add spec .
7 silly cache add parsed spec Result {
7 silly cache add   raw: '.',
7 silly cache add   scope: null,
7 silly cache add   escapedName: null,
7 silly cache add   name: null,
7 silly cache add   rawSpec: '.',
7 silly cache add   spec: 'C:\\Users\\Administrator\\Desktop\\node-transliteration',
7 silly cache add   type: 'directory' }
8 verbose addLocalDirectory C:\Users\Administrator\AppData\Roaming\npm-cache\transliteration\1.1.15\package.tgz not in flight; packing
9 verbose correctMkdir C:\Users\Administrator\AppData\Roaming\npm-cache correctMkdir not in flight; initializing
10 info lifecycle transliteration@1.1.15~prepublish: transliteration@1.1.15
11 verbose lifecycle transliteration@1.1.15~prepublish: unsafe-perm in lifecycle true
12 verbose lifecycle transliteration@1.1.15~prepublish: PATH: C:\Program Files\nodejs\node_modules\npm\bin\node-gyp-bin;C:\Users\Administrator\Desktop\node-transliteration\node_modules\.bin;C:\Windows\system32;C:\Windows;C:\Windows\System32\Wbem;C:\Windows\System32\WindowsPowerShell\v1.0\;C:\Program Files (x86)\Windows Kits\8.1\Windows Performance Toolkit\;C:\Program Files (x86)\Git\cmd;C:\Program Files (x86)\Git\mingw32\bin;C:\Program Files (x86)\Git\usr\bin;C:\Program Files\python27;C:\Program Files\TortoiseGit\bin;C:\Program Files\nodejs\;C:\Program Files (x86)\Yarn\bin;C:\Program Files (x86)\Calibre2\;C:\Users\Administrator\AppData\Local\Programs\EmEditor;C:\Program Files (x86)\Microsoft VS Code\bin;C:\Users\Administrator\AppData\Roaming\npm;C:\Users\Administrator\AppData\Local\Yarn\.bin;C:\Program Files (x86)\Java\JDK1.8\bin
13 verbose lifecycle transliteration@1.1.15~prepublish: CWD: C:\Users\Administrator\Desktop\node-transliteration
14 silly lifecycle transliteration@1.1.15~prepublish: Args: [ '/d /s /c', 'npm run build' ]
15 silly lifecycle transliteration@1.1.15~prepublish: Returned: code: 1  signal: null
16 info lifecycle transliteration@1.1.15~prepublish: Failed to exec prepublish script
17 error addLocal Could not install C:\Users\Administrator\Desktop\node-transliteration
18 verbose stack Error: transliteration@1.1.15 prepublish: `npm run build`
18 verbose stack Exit status 1
18 verbose stack     at EventEmitter.<anonymous> (C:\Program Files\nodejs\node_modules\npm\lib\utils\lifecycle.js:255:16)
18 verbose stack     at emitTwo (events.js:106:13)
18 verbose stack     at EventEmitter.emit (events.js:191:7)
18 verbose stack     at ChildProcess.<anonymous> (C:\Program Files\nodejs\node_modules\npm\lib\utils\spawn.js:40:14)
18 verbose stack     at emitTwo (events.js:106:13)
18 verbose stack     at ChildProcess.emit (events.js:191:7)
18 verbose stack     at maybeClose (internal/child_process.js:877:16)
18 verbose stack     at Process.ChildProcess._handle.onexit (internal/child_process.js:226:5)
19 verbose pkgid transliteration@1.1.15
20 verbose cwd C:\Users\Administrator\Desktop\node-transliteration
21 error Windows_NT 6.3.9600
22 error argv "C:\\Program Files\\nodejs\\node.exe" "C:\\Program Files\\nodejs\\node_modules\\npm\\bin\\npm-cli.js" "publish"
23 error node v7.0.0
24 error npm  v3.10.8
25 error code ELIFECYCLE
26 error transliteration@1.1.15 prepublish: `npm run build`
26 error Exit status 1
27 error Failed at the transliteration@1.1.15 prepublish script 'npm run build'.
27 error Make sure you have the latest version of node.js and npm installed.
27 error If you do, this is most likely a problem with the transliteration package,
27 error not with npm itself.
27 error Tell the author that this fails on your system:
27 error     npm run build
27 error You can get information on how to open an issue for this project with:
27 error     npm bugs transliteration
27 error Or if that isn't available, you can get their info via:
27 error     npm owner ls transliteration
27 error There is likely additional logging output above.
28 verbose exit [ 1, true ]
